# JRE version: OpenJDK Runtime Environment (8.0_152-b01) (build 1.8.0_152-release-1024-b01)
# Java VM: OpenJDK 64-Bit Server VM (25.152-b01 mixed mode linux-amd64 compressed oops)
Heap:
 PSYoungGen      total 99840K, used 92477K [0x00000000e0000000, 0x00000000e8d00000, 0x0000000100000000)
  eden space 92672K, 92% used [0x00000000e0000000,0x00000000e53b5048,0x00000000e5a80000)
  from space 7168K, 94% used [0x00000000e8600000,0x00000000e8c9a560,0x00000000e8d00000)
  to   space 9728K, 0% used [0x00000000e7a00000,0x00000000e7a00000,0x00000000e8380000)
 ParOldGen       total 60928K, used 8176K [0x00000000a0000000, 0x00000000a3b80000, 0x00000000e0000000)
  object space 60928K, 13% used [0x00000000a0000000,0x00000000a07fc100,0x00000000a3b80000)
 Metaspace       used 30847K, capacity 31654K, committed 31744K, reserved 1077248K
  class space    used 4354K, capacity 4599K, committed 4608K, reserved 1048576K
GC Heap History (10 events):
Event: 1.302 GC heap before
{Heap before GC invocations=3 (full 0):
 PSYoungGen      total 36864K, used 36843K [0x00000000e0000000, 0x00000000e4800000, 0x0000000100000000)
  eden space 31744K, 100% used [0x00000000e0000000,0x00000000e1f00000,0x00000000e1f00000)
  from space 5120K, 99% used [0x00000000e2400000,0x00000000e28fac48,0x00000000e2900000)
  to   space 5120K, 0% used [0x00000000e1f00000,0x00000000e1f00000,0x00000000e2400000)
 ParOldGen       total 84992K, used 434K [0x00000000a0000000, 0x00000000a5300000, 0x00000000e0000000)
  object space 84992K, 0% used [0x00000000a0000000,0x00000000a006cae0,0x00000000a5300000)
 Metaspace       used 13922K, capacity 14296K, committed 14464K, reserved 1060864K
  class space    used 1961K, capacity 2094K, committed 2176K, reserved 1048576K
Event: 1.312 GC heap after
Heap after GC invocations=3 (full 0):
 PSYoungGen      total 36864K, used 5088K [0x00000000e0000000, 0x00000000e4800000, 0x0000000100000000)
  eden space 31744K, 0% used [0x00000000e0000000,0x00000000e0000000,0x00000000e1f00000)
  from space 5120K, 99% used [0x00000000e1f00000,0x00000000e23f8030,0x00000000e2400000)
  to   space 5120K, 0% used [0x00000000e4300000,0x00000000e4300000,0x00000000e4800000)
 ParOldGen       total 84992K, used 2268K [0x00000000a0000000, 0x00000000a5300000, 0x00000000e0000000)
  object space 84992K, 2% used [0x00000000a0000000,0x00000000a0237270,0x00000000a5300000)
 Metaspace       used 13922K, capacity 14296K, committed 14464K, reserved 1060864K
  class space    used 1961K, capacity 2094K, committed 2176K, reserved 1048576K
}
Event: 1.753 GC heap before
{Heap before GC invocations=4 (full 0):
 PSYoungGen      total 36864K, used 36832K [0x00000000e0000000, 0x00000000e4800000, 0x0000000100000000)
  eden space 31744K, 100% used [0x00000000e0000000,0x00000000e1f00000,0x00000000e1f00000)
  from space 5120K, 99% used [0x00000000e1f00000,0x00000000e23f8030,0x00000000e2400000)
  to   space 5120K, 0% used [0x00000000e4300000,0x00000000e4300000,0x00000000e4800000)
 ParOldGen       total 84992K, used 2268K [0x00000000a0000000, 0x00000000a5300000, 0x00000000e0000000)
  object space 84992K, 2% used [0x00000000a0000000,0x00000000a0237270,0x00000000a5300000)
 Metaspace       used 17132K, capacity 17644K, committed 18048K, reserved 1064960K
  class space    used 2481K, capacity 2624K, committed 2688K, reserved 1048576K
Event: 1.772 GC heap after
Heap after GC invocations=4 (full 0):
 PSYoungGen      total 68608K, used 5088K [0x00000000e0000000, 0x00000000e4800000, 0x0000000100000000)
  eden space 63488K, 0% used [0x00000000e0000000,0x00000000e0000000,0x00000000e3e00000)
  from space 5120K, 99% used [0x00000000e4300000,0x00000000e47f8070,0x00000000e4800000)
  to   space 5120K, 0% used [0x00000000e3e00000,0x00000000e3e00000,0x00000000e4300000)
 ParOldGen       total 84992K, used 5340K [0x00000000a0000000, 0x00000000a5300000, 0x00000000e0000000)
  object space 84992K, 6% used [0x00000000a0000000,0x00000000a05370e8,0x00000000a5300000)
 Metaspace       used 17132K, capacity 17644K, committed 18048K, reserved 1064960K
  class space    used 2481K, capacity 2624K, committed 2688K, reserved 1048576K
}
Event: 2.007 GC heap before
{Heap before GC invocations=5 (full 0):
 PSYoungGen      total 68608K, used 20489K [0x00000000e0000000, 0x00000000e4800000, 0x0000000100000000)
  eden space 63488K, 24% used [0x00000000e0000000,0x00000000e0f0a718,0x00000000e3e00000)
  from space 5120K, 99% used [0x00000000e4300000,0x00000000e47f8070,0x00000000e4800000)
  to   space 5120K, 0% used [0x00000000e3e00000,0x00000000e3e00000,0x00000000e4300000)
 ParOldGen       total 84992K, used 5340K [0x00000000a0000000, 0x00000000a5300000, 0x00000000e0000000)
  object space 84992K, 6% used [0x00000000a0000000,0x00000000a05370e8,0x00000000a5300000)
 Metaspace       used 20627K, capacity 21074K, committed 21248K, reserved 1067008K
  class space    used 2902K, capacity 3042K, committed 3072K, reserved 1048576K
Event: 2.022 GC heap after
Heap after GC invocations=5 (full 0):
 PSYoungGen      total 68608K, used 5104K [0x00000000e0000000, 0x00000000e9000000, 0x0000000100000000)
  eden space 63488K, 0% used [0x00000000e0000000,0x00000000e0000000,0x00000000e3e00000)
  from space 5120K, 99% used [0x00000000e3e00000,0x00000000e42fc050,0x00000000e4300000)
  to   space 10240K, 0% used [0x00000000e8600000,0x00000000e8600000,0x00000000e9000000)
 ParOldGen       total 84992K, used 8165K [0x00000000a0000000, 0x00000000a5300000, 0x00000000e0000000)
  object space 84992K, 9% used [0x00000000a0000000,0x00000000a07f95c8,0x00000000a5300000)
 Metaspace       used 20627K, capacity 21074K, committed 21248K, reserved 1067008K
  class space    used 2902K, capacity 3042K, committed 3072K, reserved 1048576K
}
Event: 2.022 GC heap before
{Heap before GC invocations=6 (full 1):
 PSYoungGen      total 68608K, used 5104K [0x00000000e0000000, 0x00000000e9000000, 0x0000000100000000)
  eden space 63488K, 0% used [0x00000000e0000000,0x00000000e0000000,0x00000000e3e00000)
  from space 5120K, 99% used [0x00000000e3e00000,0x00000000e42fc050,0x00000000e4300000)
  to   space 10240K, 0% used [0x00000000e8600000,0x00000000e8600000,0x00000000e9000000)
 ParOldGen       total 84992K, used 8165K [0x00000000a0000000, 0x00000000a5300000, 0x00000000e0000000)
  object space 84992K, 9% used [0x00000000a0000000,0x00000000a07f95c8,0x00000000a5300000)
 Metaspace       used 20627K, capacity 21074K, committed 21248K, reserved 1067008K
  class space    used 2902K, capacity 3042K, committed 3072K, reserved 1048576K
Event: 2.088 GC heap after
Heap after GC invocations=6 (full 1):
 PSYoungGen      total 68608K, used 0K [0x00000000e0000000, 0x00000000e9000000, 0x0000000100000000)
  eden space 63488K, 0% used [0x00000000e0000000,0x00000000e0000000,0x00000000e3e00000)
  from space 5120K, 0% used [0x00000000e3e00000,0x00000000e3e00000,0x00000000e4300000)
  to   space 10240K, 0% used [0x00000000e8600000,0x00000000e8600000,0x00000000e9000000)
 ParOldGen       total 60928K, used 8168K [0x00000000a0000000, 0x00000000a3b80000, 0x00000000e0000000)
  object space 60928K, 13% used [0x00000000a0000000,0x00000000a07fa100,0x00000000a3b80000)
 Metaspace       used 20627K, capacity 21074K, committed 21248K, reserved 1067008K
  class space    used 2902K, capacity 3042K, committed 3072K, reserved 1048576K
}
Event: 2.857 GC heap before
{Heap before GC invocations=7 (full 1):
 PSYoungGen      total 68608K, used 63455K [0x00000000e0000000, 0x00000000e9000000, 0x0000000100000000)
  eden space 63488K, 99% used [0x00000000e0000000,0x00000000e3df7d08,0x00000000e3e00000)
  from space 5120K, 0% used [0x00000000e3e00000,0x00000000e3e00000,0x00000000e4300000)
  to   space 10240K, 0% used [0x00000000e8600000,0x00000000e8600000,0x00000000e9000000)
 ParOldGen       total 60928K, used 8168K [0x00000000a0000000, 0x00000000a3b80000, 0x00000000e0000000)
  object space 60928K, 13% used [0x00000000a0000000,0x00000000a07fa100,0x00000000a3b80000)
 Metaspace       used 25676K, capacity 26274K, committed 26624K, reserved 1073152K
  class space    used 3611K, capacity 3808K, committed 3840K, reserved 1048576K
Event: 2.867 GC heap after
Heap after GC invocations=7 (full 1):
 PSYoungGen      total 99840K, used 6761K [0x00000000e0000000, 0x00000000e8d00000, 0x0000000100000000)
  eden space 92672K, 0% used [0x00000000e0000000,0x00000000e0000000,0x00000000e5a80000)
  from space 7168K, 94% used [0x00000000e8600000,0x00000000e8c9a560,0x00000000e8d00000)
  to   space 9728K, 0% used [0x00000000e7a00000,0x00000000e7a00000,0x00000000e8380000)
 ParOldGen       total 60928K, used 8176K [0x00000000a0000000, 0x00000000a3b80000, 0x00000000e0000000)
  object space 60928K, 13% used [0x00000000a0000000,0x00000000a07fc100,0x00000000a3b80000)
 Metaspace       used 25676K, capacity 26274K, committed 26624K, reserved 1073152K
  class space    used 3611K, capacity 3808K, committed 3840K, reserved 1048576K
}

