# JRE version: OpenJDK Runtime Environment (8.0_152-b01) (build 1.8.0_152-release-1024-b01)
# Java VM: OpenJDK 64-Bit Server VM (25.152-b01 mixed mode linux-amd64 compressed oops)
Heap:
 PSYoungGen      total 462848K, used 462717K [0x00000000e0000000, 0x0000000100000000, 0x0000000100000000)
  eden space 433152K, 100% used [0x00000000e0000000,0x00000000fa700000,0x00000000fa700000)
  from space 29696K, 99% used [0x00000000fa700000,0x00000000fc3df458,0x00000000fc400000)
  to   space 46592K, 30% used [0x00000000fd280000,0x00000000fe03f630,0x0000000100000000)
 ParOldGen       total 144896K, used 52089K [0x00000000a0000000, 0x00000000a8d80000, 0x00000000e0000000)
  object space 144896K, 35% used [0x00000000a0000000,0x00000000a32de798,0x00000000a8d80000)
 Metaspace       used 82054K, capacity 86596K, committed 86744K, reserved 1124352K
  class space    used 10425K, capacity 11245K, committed 11264K, reserved 1048576K
GC Heap History (10 events):
Event: 42.236 GC heap after
Heap after GC invocations=16 (full 3):
 PSYoungGen      total 387072K, used 23563K [0x00000000e0000000, 0x00000000fde00000, 0x0000000100000000)
  eden space 353792K, 0% used [0x00000000e0000000,0x00000000e0000000,0x00000000f5980000)
  from space 33280K, 70% used [0x00000000f5980000,0x00000000f7082f50,0x00000000f7a00000)
  to   space 34816K, 0% used [0x00000000fbc00000,0x00000000fbc00000,0x00000000fde00000)
 ParOldGen       total 144896K, used 45911K [0x00000000a0000000, 0x00000000a8d80000, 0x00000000e0000000)
  object space 144896K, 31% used [0x00000000a0000000,0x00000000a2cd5e28,0x00000000a8d80000)
 Metaspace       used 70896K, capacity 73962K, committed 74200K, reserved 1114112K
  class space    used 9303K, capacity 9908K, committed 9984K, reserved 1048576K
}
Event: 334.168 GC heap before
{Heap before GC invocations=17 (full 3):
 PSYoungGen      total 387072K, used 377355K [0x00000000e0000000, 0x00000000fde00000, 0x0000000100000000)
  eden space 353792K, 100% used [0x00000000e0000000,0x00000000f5980000,0x00000000f5980000)
  from space 33280K, 70% used [0x00000000f5980000,0x00000000f7082f50,0x00000000f7a00000)
  to   space 34816K, 0% used [0x00000000fbc00000,0x00000000fbc00000,0x00000000fde00000)
 ParOldGen       total 144896K, used 45911K [0x00000000a0000000, 0x00000000a8d80000, 0x00000000e0000000)
  object space 144896K, 31% used [0x00000000a0000000,0x00000000a2cd5e28,0x00000000a8d80000)
 Metaspace       used 77861K, capacity 81258K, committed 81496K, reserved 1120256K
  class space    used 10152K, capacity 10796K, committed 10880K, reserved 1048576K
Event: 334.211 GC heap after
Heap after GC invocations=17 (full 3):
 PSYoungGen      total 440832K, used 33138K [0x00000000e0000000, 0x00000000fdc80000, 0x0000000100000000)
  eden space 407552K, 0% used [0x00000000e0000000,0x00000000e0000000,0x00000000f8e00000)
  from space 33280K, 99% used [0x00000000fbc00000,0x00000000fdc5c900,0x00000000fdc80000)
  to   space 39424K, 0% used [0x00000000f8f80000,0x00000000f8f80000,0x00000000fb600000)
 ParOldGen       total 144896K, used 45919K [0x00000000a0000000, 0x00000000a8d80000, 0x00000000e0000000)
  object space 144896K, 31% used [0x00000000a0000000,0x00000000a2cd7e28,0x00000000a8d80000)
 Metaspace       used 77861K, capacity 81258K, committed 81496K, reserved 1120256K
  class space    used 10152K, capacity 10796K, committed 10880K, reserved 1048576K
}
Event: 374.100 GC heap before
{Heap before GC invocations=18 (full 3):
 PSYoungGen      total 440832K, used 440690K [0x00000000e0000000, 0x00000000fdc80000, 0x0000000100000000)
  eden space 407552K, 100% used [0x00000000e0000000,0x00000000f8e00000,0x00000000f8e00000)
  from space 33280K, 99% used [0x00000000fbc00000,0x00000000fdc5c900,0x00000000fdc80000)
  to   space 39424K, 0% used [0x00000000f8f80000,0x00000000f8f80000,0x00000000fb600000)
 ParOldGen       total 144896K, used 45919K [0x00000000a0000000, 0x00000000a8d80000, 0x00000000e0000000)
  object space 144896K, 31% used [0x00000000a0000000,0x00000000a2cd7e28,0x00000000a8d80000)
 Metaspace       used 80360K, capacity 84152K, committed 84312K, reserved 1122304K
  class space    used 10316K, capacity 11049K, committed 11136K, reserved 1048576K
Event: 374.173 GC heap after
Heap after GC invocations=18 (full 3):
 PSYoungGen      total 448512K, used 36011K [0x00000000e0000000, 0x0000000100000000, 0x0000000100000000)
  eden space 409088K, 0% used [0x00000000e0000000,0x00000000e0000000,0x00000000f8f80000)
  from space 39424K, 91% used [0x00000000f8f80000,0x00000000fb2aaed8,0x00000000fb600000)
  to   space 44032K, 0% used [0x00000000fd500000,0x00000000fd500000,0x0000000100000000)
 ParOldGen       total 144896K, used 45927K [0x00000000a0000000, 0x00000000a8d80000, 0x00000000e0000000)
  object space 144896K, 31% used [0x00000000a0000000,0x00000000a2cd9e28,0x00000000a8d80000)
 Metaspace       used 80360K, capacity 84152K, committed 84312K, reserved 1122304K
  class space    used 10316K, capacity 11049K, committed 11136K, reserved 1048576K
}
Event: 376.224 GC heap before
{Heap before GC invocations=19 (full 3):
 PSYoungGen      total 448512K, used 444787K [0x00000000e0000000, 0x0000000100000000, 0x0000000100000000)
  eden space 409088K, 99% used [0x00000000e0000000,0x00000000f8f31eb8,0x00000000f8f80000)
  from space 39424K, 91% used [0x00000000f8f80000,0x00000000fb2aaed8,0x00000000fb600000)
  to   space 44032K, 0% used [0x00000000fd500000,0x00000000fd500000,0x0000000100000000)
 ParOldGen       total 144896K, used 45927K [0x00000000a0000000, 0x00000000a8d80000, 0x00000000e0000000)
  object space 144896K, 31% used [0x00000000a0000000,0x00000000a2cd9e28,0x00000000a8d80000)
 Metaspace       used 80815K, capacity 84604K, committed 84824K, reserved 1122304K
  class space    used 10320K, capacity 11057K, committed 11136K, reserved 1048576K
Event: 376.263 GC heap after
Heap after GC invocations=19 (full 3):
 PSYoungGen      total 477184K, used 29360K [0x00000000e0000000, 0x0000000100000000, 0x0000000100000000)
  eden space 433152K, 0% used [0x00000000e0000000,0x00000000e0000000,0x00000000fa700000)
  from space 44032K, 66% used [0x00000000fd500000,0x00000000ff1ac188,0x0000000100000000)
  to   space 45568K, 0% used [0x00000000fa700000,0x00000000fa700000,0x00000000fd380000)
 ParOldGen       total 144896K, used 45935K [0x00000000a0000000, 0x00000000a8d80000, 0x00000000e0000000)
  object space 144896K, 31% used [0x00000000a0000000,0x00000000a2cdbe28,0x00000000a8d80000)
 Metaspace       used 80815K, capacity 84604K, committed 84824K, reserved 1122304K
  class space    used 10320K, capacity 11057K, committed 11136K, reserved 1048576K
}
Event: 520.013 GC heap before
{Heap before GC invocations=20 (full 3):
 PSYoungGen      total 477184K, used 462316K [0x00000000e0000000, 0x0000000100000000, 0x0000000100000000)
  eden space 433152K, 99% used [0x00000000e0000000,0x00000000fa6cf128,0x00000000fa700000)
  from space 44032K, 66% used [0x00000000fd500000,0x00000000ff1ac188,0x0000000100000000)
  to   space 45568K, 0% used [0x00000000fa700000,0x00000000fa700000,0x00000000fd380000)
 ParOldGen       total 144896K, used 47983K [0x00000000a0000000, 0x00000000a8d80000, 0x00000000e0000000)
  object space 144896K, 33% used [0x00000000a0000000,0x00000000a2edbe48,0x00000000a8d80000)
 Metaspace       used 81788K, capacity 86320K, committed 86488K, reserved 1124352K
  class space    used 10422K, capacity 11243K, committed 11264K, reserved 1048576K
Event: 520.083 GC heap after
Heap after GC invocations=20 (full 3):
 PSYoungGen      total 462848K, used 29565K [0x00000000e0000000, 0x0000000100000000, 0x0000000100000000)
  eden space 433152K, 0% used [0x00000000e0000000,0x00000000e0000000,0x00000000fa700000)
  from space 29696K, 99% used [0x00000000fa700000,0x00000000fc3df458,0x00000000fc400000)
  to   space 46592K, 0% used [0x00000000fd280000,0x00000000fd280000,0x0000000100000000)
 ParOldGen       total 144896K, used 47991K [0x00000000a0000000, 0x00000000a8d80000, 0x00000000e0000000)
  object space 144896K, 33% used [0x00000000a0000000,0x00000000a2edde48,0x00000000a8d80000)
 Metaspace       used 81788K, capacity 86320K, committed 86488K, reserved 1124352K
  class space    used 10422K, capacity 11243K, committed 11264K, reserved 1048576K
}
Event: 547.351 GC heap before
{Heap before GC invocations=21 (full 3):
 PSYoungGen      total 462848K, used 462717K [0x00000000e0000000, 0x0000000100000000, 0x0000000100000000)
  eden space 433152K, 100% used [0x00000000e0000000,0x00000000fa700000,0x00000000fa700000)
  from space 29696K, 99% used [0x00000000fa700000,0x00000000fc3df458,0x00000000fc400000)
  to   space 46592K, 0% used [0x00000000fd280000,0x00000000fd280000,0x0000000100000000)
 ParOldGen       total 144896K, used 52089K [0x00000000a0000000, 0x00000000a8d80000, 0x00000000e0000000)
  object space 144896K, 35% used [0x00000000a0000000,0x00000000a32de798,0x00000000a8d80000)
 Metaspace       used 82054K, capacity 86596K, committed 86744K, reserved 1124352K
  class space    used 10425K, capacity 11245K, committed 11264K, reserved 1048576K

