# JRE version: OpenJDK Runtime Environment (8.0_152-b01) (build 1.8.0_152-release-915-b01)
# Java VM: OpenJDK 64-Bit Server VM (25.152-b01 mixed mode linux-amd64 compressed oops)
Heap:
 PSYoungGen      total 118784K, used 90452K [0x00000000e0000000, 0x00000000e9a00000, 0x0000000100000000)
  eden space 118272K, 76% used [0x00000000e0000000,0x00000000e5855010,0x00000000e7380000)
  from space 512K, 0% used [0x00000000e8100000,0x00000000e8100000,0x00000000e8180000)
  to   space 13824K, 0% used [0x00000000e7380000,0x00000000e7380000,0x00000000e8100000)
 ParOldGen       total 120320K, used 17135K [0x00000000a0000000, 0x00000000a7580000, 0x00000000e0000000)
  object space 120320K, 14% used [0x00000000a0000000,0x00000000a10bbe30,0x00000000a7580000)
 Metaspace       used 43211K, capacity 44090K, committed 44504K, reserved 1087488K
  class space    used 5729K, capacity 6062K, committed 6144K, reserved 1048576K
GC Heap History (10 events):
Event: 1.797 GC heap before
{Heap before GC invocations=4 (full 1):
 PSYoungGen      total 68608K, used 5092K [0x00000000e0000000, 0x00000000e8600000, 0x0000000100000000)
  eden space 63488K, 0% used [0x00000000e0000000,0x00000000e0000000,0x00000000e3e00000)
  from space 5120K, 99% used [0x00000000e3e00000,0x00000000e42f9040,0x00000000e4300000)
  to   space 5120K, 0% used [0x00000000e8100000,0x00000000e8100000,0x00000000e8600000)
 ParOldGen       total 84992K, used 8610K [0x00000000a0000000, 0x00000000a5300000, 0x00000000e0000000)
  object space 84992K, 10% used [0x00000000a0000000,0x00000000a08688b8,0x00000000a5300000)
 Metaspace       used 20621K, capacity 21042K, committed 21248K, reserved 1067008K
  class space    used 2868K, capacity 3038K, committed 3072K, reserved 1048576K
Event: 1.869 GC heap after
Heap after GC invocations=4 (full 1):
 PSYoungGen      total 68608K, used 0K [0x00000000e0000000, 0x00000000e8600000, 0x0000000100000000)
  eden space 63488K, 0% used [0x00000000e0000000,0x00000000e0000000,0x00000000e3e00000)
  from space 5120K, 0% used [0x00000000e3e00000,0x00000000e3e00000,0x00000000e4300000)
  to   space 5120K, 0% used [0x00000000e8100000,0x00000000e8100000,0x00000000e8600000)
 ParOldGen       total 75264K, used 12430K [0x00000000a0000000, 0x00000000a4980000, 0x00000000e0000000)
  object space 75264K, 16% used [0x00000000a0000000,0x00000000a0c23818,0x00000000a4980000)
 Metaspace       used 20621K, capacity 21042K, committed 21248K, reserved 1067008K
  class space    used 2868K, capacity 3038K, committed 3072K, reserved 1048576K
}
Event: 3.031 GC heap before
{Heap before GC invocations=5 (full 1):
 PSYoungGen      total 68608K, used 63488K [0x00000000e0000000, 0x00000000e8600000, 0x0000000100000000)
  eden space 63488K, 100% used [0x00000000e0000000,0x00000000e3e00000,0x00000000e3e00000)
  from space 5120K, 0% used [0x00000000e3e00000,0x00000000e3e00000,0x00000000e4300000)
  to   space 5120K, 0% used [0x00000000e8100000,0x00000000e8100000,0x00000000e8600000)
 ParOldGen       total 75264K, used 12430K [0x00000000a0000000, 0x00000000a4980000, 0x00000000e0000000)
  object space 75264K, 16% used [0x00000000a0000000,0x00000000a0c23818,0x00000000a4980000)
 Metaspace       used 25799K, capacity 26342K, committed 26496K, reserved 1073152K
  class space    used 3517K, capacity 3687K, committed 3712K, reserved 1048576K
Event: 3.040 GC heap after
Heap after GC invocations=5 (full 1):
 PSYoungGen      total 86016K, used 5109K [0x00000000e0000000, 0x00000000e8600000, 0x0000000100000000)
  eden space 80896K, 0% used [0x00000000e0000000,0x00000000e0000000,0x00000000e4f00000)
  from space 5120K, 99% used [0x00000000e8100000,0x00000000e85fd588,0x00000000e8600000)
  to   space 5120K, 0% used [0x00000000e7c00000,0x00000000e7c00000,0x00000000e8100000)
 ParOldGen       total 75264K, used 13678K [0x00000000a0000000, 0x00000000a4980000, 0x00000000e0000000)
  object space 75264K, 18% used [0x00000000a0000000,0x00000000a0d5b9f8,0x00000000a4980000)
 Metaspace       used 25799K, capacity 26342K, committed 26496K, reserved 1073152K
  class space    used 3517K, capacity 3687K, committed 3712K, reserved 1048576K
}
Event: 4.100 GC heap before
{Heap before GC invocations=6 (full 1):
 PSYoungGen      total 86016K, used 86005K [0x00000000e0000000, 0x00000000e8600000, 0x0000000100000000)
  eden space 80896K, 100% used [0x00000000e0000000,0x00000000e4f00000,0x00000000e4f00000)
  from space 5120K, 99% used [0x00000000e8100000,0x00000000e85fd588,0x00000000e8600000)
  to   space 5120K, 0% used [0x00000000e7c00000,0x00000000e7c00000,0x00000000e8100000)
 ParOldGen       total 75264K, used 13678K [0x00000000a0000000, 0x00000000a4980000, 0x00000000e0000000)
  object space 75264K, 18% used [0x00000000a0000000,0x00000000a0d5b9f8,0x00000000a4980000)
 Metaspace       used 31135K, capacity 31780K, committed 32000K, reserved 1077248K
  class space    used 4288K, capacity 4519K, committed 4608K, reserved 1048576K
Event: 4.115 GC heap after
Heap after GC invocations=6 (full 1):
 PSYoungGen      total 108032K, used 5120K [0x00000000e0000000, 0x00000000e8180000, 0x0000000100000000)
  eden space 102912K, 0% used [0x00000000e0000000,0x00000000e0000000,0x00000000e6480000)
  from space 5120K, 100% used [0x00000000e7c00000,0x00000000e8100000,0x00000000e8100000)
  to   space 512K, 0% used [0x00000000e8100000,0x00000000e8100000,0x00000000e8180000)
 ParOldGen       total 75264K, used 18077K [0x00000000a0000000, 0x00000000a4980000, 0x00000000e0000000)
  object space 75264K, 24% used [0x00000000a0000000,0x00000000a11a7780,0x00000000a4980000)
 Metaspace       used 31135K, capacity 31780K, committed 32000K, reserved 1077248K
  class space    used 4288K, capacity 4519K, committed 4608K, reserved 1048576K
}
Event: 5.014 GC heap before
{Heap before GC invocations=7 (full 1):
 PSYoungGen      total 108032K, used 62834K [0x00000000e0000000, 0x00000000e8180000, 0x0000000100000000)
  eden space 102912K, 56% used [0x00000000e0000000,0x00000000e385cb38,0x00000000e6480000)
  from space 5120K, 100% used [0x00000000e7c00000,0x00000000e8100000,0x00000000e8100000)
  to   space 512K, 0% used [0x00000000e8100000,0x00000000e8100000,0x00000000e8180000)
 ParOldGen       total 75264K, used 18077K [0x00000000a0000000, 0x00000000a4980000, 0x00000000e0000000)
  object space 75264K, 24% used [0x00000000a0000000,0x00000000a11a7780,0x00000000a4980000)
 Metaspace       used 34541K, capacity 35268K, committed 35416K, reserved 1079296K
  class space    used 4660K, capacity 4952K, committed 4992K, reserved 1048576K
Event: 5.025 GC heap after
Heap after GC invocations=7 (full 1):
 PSYoungGen      total 118784K, used 512K [0x00000000e0000000, 0x00000000e9a00000, 0x0000000100000000)
  eden space 118272K, 0% used [0x00000000e0000000,0x00000000e0000000,0x00000000e7380000)
  from space 512K, 100% used [0x00000000e8100000,0x00000000e8180000,0x00000000e8180000)
  to   space 13824K, 0% used [0x00000000e7380000,0x00000000e7380000,0x00000000e8100000)
 ParOldGen       total 75264K, used 27398K [0x00000000a0000000, 0x00000000a4980000, 0x00000000e0000000)
  object space 75264K, 36% used [0x00000000a0000000,0x00000000a1ac1968,0x00000000a4980000)
 Metaspace       used 34541K, capacity 35268K, committed 35416K, reserved 1079296K
  class space    used 4660K, capacity 4952K, committed 4992K, reserved 1048576K
}
Event: 5.025 GC heap before
{Heap before GC invocations=8 (full 2):
 PSYoungGen      total 118784K, used 512K [0x00000000e0000000, 0x00000000e9a00000, 0x0000000100000000)
  eden space 118272K, 0% used [0x00000000e0000000,0x00000000e0000000,0x00000000e7380000)
  from space 512K, 100% used [0x00000000e8100000,0x00000000e8180000,0x00000000e8180000)
  to   space 13824K, 0% used [0x00000000e7380000,0x00000000e7380000,0x00000000e8100000)
 ParOldGen       total 75264K, used 27398K [0x00000000a0000000, 0x00000000a4980000, 0x00000000e0000000)
  object space 75264K, 36% used [0x00000000a0000000,0x00000000a1ac1968,0x00000000a4980000)
 Metaspace       used 34541K, capacity 35268K, committed 35416K, reserved 1079296K
  class space    used 4660K, capacity 4952K, committed 4992K, reserved 1048576K
Event: 5.094 GC heap after
Heap after GC invocations=8 (full 2):
 PSYoungGen      total 118784K, used 0K [0x00000000e0000000, 0x00000000e9a00000, 0x0000000100000000)
  eden space 118272K, 0% used [0x00000000e0000000,0x00000000e0000000,0x00000000e7380000)
  from space 512K, 0% used [0x00000000e8100000,0x00000000e8100000,0x00000000e8180000)
  to   space 13824K, 0% used [0x00000000e7380000,0x00000000e7380000,0x00000000e8100000)
 ParOldGen       total 120320K, used 17135K [0x00000000a0000000, 0x00000000a7580000, 0x00000000e0000000)
  object space 120320K, 14% used [0x00000000a0000000,0x00000000a10bbe30,0x00000000a7580000)
 Metaspace       used 34541K, capacity 35268K, committed 35416K, reserved 1079296K
  class space    used 4660K, capacity 4952K, committed 4992K, reserved 1048576K
}

